<?xml version="1.0" encoding="UTF-8"?>
<!-- Generated by org.testng.reporters.JUnitXMLReporter -->
<testsuite ignored="0" hostname="DESKTOP-UNVGE05" failures="0" tests="6" name="Default test" time="15.442" errors="0" timestamp="2023-06-30T09:39:43 AEST">
  <testcase classname="api.test.DDTests" name="TC01_testPostUser" time="7.324"/>
  <testcase classname="api.test.DDTests" name="TC01_testPostUser" time="1.438"/>
  <testcase classname="api.test.DDTests" name="TC01_testPostUser" time="1.414"/>
  <testcase classname="api.test.DDTests" name="TC02_testPostUser" time="1.577"/>
  <testcase classname="api.test.DDTests" name="TC02_testPostUser" time="1.188"/>
  <testcase classname="api.test.DDTests" name="TC02_testPostUser" time="1.743"/>
</testsuite> <!-- Default test -->
