<?xml version="1.0" encoding="UTF-8"?>
<!-- Generated by org.testng.reporters.JUnitXMLReporter -->
<testsuite ignored="0" hostname="DESKTOP-UNVGE05" failures="0" tests="4" name="Default test" time="8.302" errors="0" timestamp="2023-06-30T07:52:55 AEST">
  <testcase classname="api.test.User_Tests" name="TC01_testPostUser" time="2.706"/>
  <testcase classname="api.test.User_Tests" name="TC02testGetUserByname" time="1.298"/>
  <testcase classname="api.test.User_Tests" name="TC03_testUpdateUser" time="2.544"/>
  <testcase classname="api.test.User_Tests" name="TC004_DeleteUserByName" time="1.597"/>
</testsuite> <!-- Default test -->
