<?xml version="1.0" encoding="UTF-8"?>
<testsuite xmlns:xsi="http://www.w3.org/2001/XMLSchema-instance" xsi:noNamespaceSchemaLocation="https://maven.apache.org/surefire/maven-surefire-plugin/xsd/surefire-test-report-3.0.xsd" version="3.0" name="TestSuite" time="20.191" tests="10" errors="0" skipped="0" failures="0">
  <properties>
[...]
</properties>
  <testcase name="TC01_testCreateUser" classname="api.test.User_Tests" time="2.368">
    <system-out><![CDATA[HTTP/1.1 200 OK
Date: Fri, 30 Jun 2023 06:51:37 GMT
Content-Type: application/json
Transfer-Encoding: chunked
Connection: keep-alive
Access-Control-Allow-Origin: *
Access-Control-Allow-Methods: GET, POST, DELETE, PUT
Access-Control-Allow-Headers: Content-Type, api_key, Authorization
Server: Jetty(9.2.9.v20150224)

{
    "code": 200,
    "type": "unknown",
    "message": "1521238608"
}
]]></system-out>
    <system-err><![CDATA[SLF4J: Failed to load class "org.slf4j.impl.StaticLoggerBinder".
SLF4J: Defaulting to no-operation (NOP) logger implementation
SLF4J: See http://www.slf4j.org/codes.html#StaticLoggerBinder for further details.
]]></system-err>
  </testcase>
  <testcase name="TC02testGetUserByname" classname="api.test.User_Tests" time="1.364">
    <system-out><![CDATA[***********************************
weston.boyle
HTTP/1.1 200 OK
Date: Fri, 30 Jun 2023 06:51:38 GMT
Content-Type: application/json
Transfer-Encoding: chunked
Connection: keep-alive
Access-Control-Allow-Origin: *
Access-Control-Allow-Methods: GET, POST, DELETE, PUT
Access-Control-Allow-Headers: Content-Type, api_key, Authorization
Server: Jetty(9.2.9.v20150224)

{
    "id": 1521238608,
    "username": "weston.boyle",
    "firstName": "Spencer",
    "lastName": "Reilly",
    "email": "valentin.hyatt@example.com",
    "password": "n4inwkidt",
    "phone": "500-751-7990",
    "userStatus": 0
}
]]></system-out>
  </testcase>
  <testcase name="TC03_testUpdateUser" classname="api.test.User_Tests" time="2.736">
    <system-out><![CDATA[HTTP/1.1 200 OK
Date: Fri, 30 Jun 2023 06:51:40 GMT
Content-Type: application/json
Transfer-Encoding: chunked
Connection: keep-alive
Access-Control-Allow-Origin: *
Access-Control-Allow-Methods: GET, POST, DELETE, PUT
Access-Control-Allow-Headers: Content-Type, api_key, Authorization
Server: Jetty(9.2.9.v20150224)

{
    "code": 200,
    "type": "unknown",
    "message": "1521238608"
}
]]></system-out>
  </testcase>
  <testcase name="TC004_DeleteUserByName" classname="api.test.User_Tests" time="1.717"/>
  <testcase name="TC01_testPostUser[1010, testuser1, John, Canedy, a@gmail.com, test@1, 1234567897](1)" classname="api.test.DDTests" time="1.455">
    <system-out><![CDATA[HTTP/1.1 200 OK
Date: Fri, 30 Jun 2023 06:51:45 GMT
Content-Type: application/json
Transfer-Encoding: chunked
Connection: keep-alive
Access-Control-Allow-Origin: *
Access-Control-Allow-Methods: GET, POST, DELETE, PUT
Access-Control-Allow-Headers: Content-Type, api_key, Authorization
Server: Jetty(9.2.9.v20150224)

{
    "code": 200,
    "type": "unknown",
    "message": "1010"
}
]]></system-out>
  </testcase>
  <testcase name="TC01_testPostUser[1020, testuser2, Kim, Kom, b@gmail.com, test@2, 1234567897](2)" classname="api.test.DDTests" time="1.398">
    <system-out><![CDATA[HTTP/1.1 200 OK
Date: Fri, 30 Jun 2023 06:51:46 GMT
Content-Type: application/json
Transfer-Encoding: chunked
Connection: keep-alive
Access-Control-Allow-Origin: *
Access-Control-Allow-Methods: GET, POST, DELETE, PUT
Access-Control-Allow-Headers: Content-Type, api_key, Authorization
Server: Jetty(9.2.9.v20150224)

{
    "code": 200,
    "type": "unknown",
    "message": "1020"
}
]]></system-out>
  </testcase>
  <testcase name="TC01_testPostUser[1030, testuser3, Smith, Steve, c@gmail.com, test@3, 1234567897](3)" classname="api.test.DDTests" time="2.869">
    <system-out><![CDATA[HTTP/1.1 200 OK
Date: Fri, 30 Jun 2023 06:51:49 GMT
Content-Type: application/json
Transfer-Encoding: chunked
Connection: keep-alive
Access-Control-Allow-Origin: *
Access-Control-Allow-Methods: GET, POST, DELETE, PUT
Access-Control-Allow-Headers: Content-Type, api_key, Authorization
Server: Jetty(9.2.9.v20150224)

{
    "code": 200,
    "type": "unknown",
    "message": "1030"
}
]]></system-out>
  </testcase>
  <testcase name="TC02_testPostUser[testuser1](1)" classname="api.test.DDTests" time="1.457"/>
  <testcase name="TC02_testPostUser[testuser2](2)" classname="api.test.DDTests" time="1.402"/>
  <testcase name="TC02_testPostUser[testuser3](3)" classname="api.test.DDTests" time="1.364"/>
</testsuite>