<?xml version="1.0" encoding="UTF-8"?>
<testng-results ignored="0" total="4" passed="4" failed="0" skipped="0">
  <reporter-output>
  </reporter-output>
  <suite started-at="2023-06-30T16:43:22 AEST" name="Default suite" finished-at="2023-06-30T16:43:30 AEST" duration-ms="8475">
    <groups>
    </groups>
    <test started-at="2023-06-30T16:43:22 AEST" name="Default test" finished-at="2023-06-30T16:43:30 AEST" duration-ms="8475">
      <class name="api.test.User_Tests2_Properties">
        <test-method is-config="true" signature="setupData()[pri:0, instance:api.test.User_Tests2_Properties@3b0fe47a]" started-at="2023-06-30T16:43:22 AEST" name="setupData" finished-at="2023-06-30T16:43:22 AEST" duration-ms="460" status="PASS">
          <reporter-output>
          </reporter-output>
        </test-method> <!-- setupData -->
        <test-method signature="TC01_testCreateUser()[pri:1, instance:api.test.User_Tests2_Properties@3b0fe47a]" started-at="2023-06-30T16:43:22 AEST" name="TC01_testCreateUser" finished-at="2023-06-30T16:43:25 AEST" duration-ms="2425" status="PASS">
          <reporter-output>
          </reporter-output>
        </test-method> <!-- TC01_testCreateUser -->
        <test-method signature="TC02testGetUserByname()[pri:2, instance:api.test.User_Tests2_Properties@3b0fe47a]" started-at="2023-06-30T16:43:25 AEST" name="TC02testGetUserByname" finished-at="2023-06-30T16:43:26 AEST" duration-ms="1395" status="PASS">
          <reporter-output>
          </reporter-output>
        </test-method> <!-- TC02testGetUserByname -->
        <test-method signature="TC03_testUpdateUser()[pri:3, instance:api.test.User_Tests2_Properties@3b0fe47a]" started-at="2023-06-30T16:43:26 AEST" name="TC03_testUpdateUser" finished-at="2023-06-30T16:43:29 AEST" duration-ms="2796" status="PASS">
          <reporter-output>
          </reporter-output>
        </test-method> <!-- TC03_testUpdateUser -->
        <test-method signature="TC004_DeleteUserByName()[pri:4, instance:api.test.User_Tests2_Properties@3b0fe47a]" started-at="2023-06-30T16:43:29 AEST" name="TC004_DeleteUserByName" finished-at="2023-06-30T16:43:30 AEST" duration-ms="1349" status="PASS">
          <reporter-output>
          </reporter-output>
        </test-method> <!-- TC004_DeleteUserByName -->
      </class> <!-- api.test.User_Tests2_Properties -->
    </test> <!-- Default test -->
  </suite> <!-- Default suite -->
</testng-results>
