<?xml version="1.0" encoding="UTF-8"?>
<!-- Generated by org.testng.reporters.JUnitXMLReporter -->
<testsuite ignored="0" hostname="DESKTOP-UNVGE05" failures="0" tests="10" name="PetTests" time="19.469" errors="0" timestamp="2023-06-30T16:51:53 AEST">
  <testcase classname="api.test.User_Tests" name="TC01_testCreateUser" time="2.356"/>
  <testcase classname="api.test.User_Tests" name="TC02testGetUserByname" time="1.366"/>
  <testcase classname="api.test.User_Tests" name="TC03_testUpdateUser" time="2.737"/>
  <testcase classname="api.test.User_Tests" name="TC004_DeleteUserByName" time="1.715"/>
  <testcase classname="api.test.DDTests" name="TC01_testPostUser" time="1.45"/>
  <testcase classname="api.test.DDTests" name="TC01_testPostUser" time="1.397"/>
  <testcase classname="api.test.DDTests" name="TC01_testPostUser" time="2.871"/>
  <testcase classname="api.test.DDTests" name="TC02_testPostUser" time="1.456"/>
  <testcase classname="api.test.DDTests" name="TC02_testPostUser" time="1.404"/>
  <testcase classname="api.test.DDTests" name="TC02_testPostUser" time="1.364"/>
</testsuite> <!-- PetTests -->
