<?xml version="1.0" encoding="UTF-8"?>
<!-- Generated by org.testng.reporters.JUnitXMLReporter -->
<testsuite ignored="0" hostname="DESKTOP-UNVGE05" failures="0" tests="10" name="PetTests" time="17.823" errors="0" timestamp="2023-06-30T11:10:50 AEST">
  <testcase classname="api.test.User_Tests" name="TC01_testCreateUser" time="2.132"/>
  <testcase classname="api.test.User_Tests" name="TC02testGetUserByname" time="1.232"/>
  <testcase classname="api.test.User_Tests" name="TC03_testUpdateUser" time="3.232"/>
  <testcase classname="api.test.User_Tests" name="TC004_DeleteUserByName" time="1.988"/>
  <testcase classname="api.test.DDTests" name="TC01_testPostUser" time="1.222"/>
  <testcase classname="api.test.DDTests" name="TC01_testPostUser" time="1.246"/>
  <testcase classname="api.test.DDTests" name="TC01_testPostUser" time="1.314"/>
  <testcase classname="api.test.DDTests" name="TC02_testPostUser" time="1.156"/>
  <testcase classname="api.test.DDTests" name="TC02_testPostUser" time="1.415"/>
  <testcase classname="api.test.DDTests" name="TC02_testPostUser" time="1.644"/>
</testsuite> <!-- PetTests -->
